.
arch
arch/alpha/kernel
arch/arc/boot
arch/arc/kernel
arch/arm64
arch/arm64/boot
arch/arm64/boot/dts
arch/arm64/configs
arch/arm64/configs/vendor
arch/arm64/crypto
arch/arm64/include/asm
arch/arm64/include/uapi/asm
arch/arm64/kernel
arch/arm64/kernel/probes
arch/arm64/kernel/vdso
arch/arm64/kernel/vdso32
arch/arm64/kvm
arch/arm64/kvm/hyp/nvhe
arch/arm64/mm
arch/arm64/net
arch/arm/boot
arch/arm/boot/compressed
arch/arm/crypto
arch/arm/kernel
arch/arm/mach-at91
arch/arm/mach-omap2
arch/arm/vdso
arch/csky/kernel/vdso
arch/h8300/kernel
arch/ia64/kernel
arch/m68k/kernel
arch/microblaze/boot
arch/microblaze/kernel
arch/mips/boot
arch/mips/boot/compressed
arch/mips/boot/tools
arch/mips/crypto
arch/mips/kernel
arch/mips/tools
arch/mips/vdso
arch/nds32/boot
arch/nds32/kernel
arch/nds32/kernel/vdso
arch/nios2/boot
arch/nios2/kernel
arch/openrisc/boot
arch/openrisc/kernel
arch/parisc/boot
arch/parisc/boot/compressed
arch/parisc/kernel
arch/powerpc/boot
arch/powerpc/kernel
arch/powerpc/kernel/vdso32
arch/powerpc/kernel/vdso64
arch/powerpc/platforms/cell/spufs
arch/powerpc/purgatory
arch/riscv/boot
arch/riscv/kernel
arch/riscv/kernel/vdso
arch/s390/boot
arch/s390/boot/compressed
arch/s390/kernel
arch/s390/kernel/vdso32
arch/s390/kernel/vdso64
arch/s390/purgatory
arch/s390/tools
arch/sh/boot
arch/sh/boot/compressed
arch/sh/kernel
arch/sh/kernel/vsyscall
arch/sparc/boot
arch/sparc/kernel
arch/sparc/vdso
arch/sparc/vdso/vdso32
arch/um
arch/um/include/asm
arch/um/kernel
arch/x86
arch/x86/boot
arch/x86/boot/compressed
arch/x86/boot/tools
arch/x86/crypto
arch/x86/entry/vdso
arch/x86/entry/vdso/vdso32
arch/x86/kernel
arch/x86/kernel/cpu
arch/x86/lib
arch/x86/purgatory
arch/x86/realmode/rm
arch/x86/tools
arch/x86/um/vdso
arch/xtensa/boot
arch/xtensa/boot/boot-elf
arch/xtensa/boot/lib
arch/xtensa/kernel
block
certs
Documentation
Documentation/vm
drivers
drivers/android
drivers/atm
drivers/base
drivers/base/firmware_loader/builtin
drivers/block
drivers/block/zram
drivers/char
drivers/clk
drivers/clk/qcom
drivers/comedi/drivers/ni_routing/tools
drivers/connector
drivers/cpufreq
drivers/cpuidle/governors
drivers/crypto/vmx
drivers/dma-buf
drivers/dma-buf/heaps
drivers/edac
drivers/eisa
drivers/firmware
drivers/gpu/drm
drivers/gpu/drm/i915
drivers/gpu/drm/radeon
drivers/hid/usbhid
drivers/hwtracing/coresight
drivers/i2c/busses
drivers/input/misc
drivers/interconnect/qcom
drivers/iommu
drivers/iommu/arm/arm-smmu
drivers/leds
drivers/md
drivers/media/platform/msm/synx
drivers/memory
drivers/mfd
drivers/misc
drivers/mmc
drivers/mmc/core
drivers/mmc/host
drivers/net/ethernet/broadcom
drivers/net/wan
drivers/nfc
drivers/of
drivers/pci
drivers/pci/controller
drivers/phy
drivers/pinctrl/qcom
drivers/power/reset
drivers/regulator
drivers/remoteproc
drivers/rpmsg
drivers/rtc
drivers/scsi
drivers/scsi/aic7xxx
drivers/scsi/ufs
drivers/soc/qcom
drivers/soc/qcom/dcvs
drivers/soc/qcom/qdsp6v2
drivers/spi
drivers/staging/greybus/tools
drivers/thermal
drivers/thermal/qcom
drivers/tty
drivers/tty/serial
drivers/tty/vt
drivers/usb
drivers/usb/core
drivers/usb/dwc3
drivers/usb/gadget
drivers/usb/gadget/function
drivers/usb/host
drivers/usb/misc
drivers/usb/phy
drivers/usb/repeater
drivers/usb/storage
drivers/video/logo
drivers/virt/gunyah
drivers/watchdog
drivers/zorro
fs
fs/erofs
fs/f2fs
fs/overlayfs
fs/proc
fs/unicode
include/asm-generic
include/kunit
include/linux
include/linux/usb
include/net
include/soc/qcom
include/trace/events
include/trace/hooks
include/uapi/asm-generic
include/uapi/linux
include/uapi/linux/android
init
kernel
kernel/bpf
kernel/bpf/preload
kernel/bpf/preload/iterators
kernel/debug/kdb
kernel/dma
kernel/irq
kernel/locking
kernel/power
kernel/printk
kernel/rcu
kernel/sched
kernel/sched/walt
kernel/time
kernel/trace
lib
lib/kunit
lib/raid6
mm
net/bpfilter
net/core
net/ipv4
net/ipv4/netfilter
net/ipv6
net/ipv6/netfilter
net/mac80211
net/netfilter
net/qrtr
net/wireless
net/xfrm
samples/auxdisplay
samples/binderfs
samples/bpf
samples/connector
samples/hidraw
samples/landlock
samples/mei
samples/nitro_enclaves
samples/pidfd
samples/seccomp
samples/timers
samples/uhid
samples/vfs
samples/watchdog
samples/watch_queue
scripts
scripts/basic
scripts/dtc
scripts/gcc-plugins
scripts/gdb/linux
scripts/genksyms
scripts/kconfig
scripts/mod
scripts/selinux/genheaders
scripts/selinux/mdp
security
security/apparmor
security/selinux
security/selinux/include
security/selinux/ss
security/tomoyo
sound/core
sound/oss
sound/soc
sound/soc/codecs
sound/soc/samsung
sound/usb
tools/accounting
tools/bootconfig
tools/bpf
tools/bpf/bpftool
tools/bpf/resolve_btfids
tools/bpf/runqslower
tools/build
tools/build/feature
tools/cgroup
tools/gpio
tools/iio
tools/laptop/dslm
tools/leds
tools/lib/bpf
tools/lib/lockdep
tools/lib/traceevent
tools/memory-model
tools/memory-model/litmus-tests
tools/objtool
tools/pcmcia
tools/perf
tools/perf/tests
tools/perf/util/bpf_skel
tools/power/acpi
tools/power/cpupower
tools/power/x86/intel-speed-select
tools/power/x86/turbostat
tools/spi
tools/testing/kunit
tools/testing/kunit/configs
tools/testing/radix-tree
tools/testing/selftests
tools/testing/selftests/arm64/bti
tools/testing/selftests/arm64/bti/gen
tools/testing/selftests/arm64/fp
tools/testing/selftests/arm64/mte
tools/testing/selftests/arm64/pauth
tools/testing/selftests/arm64/signal
tools/testing/selftests/arm64/tags
tools/testing/selftests/bpf
tools/testing/selftests/bpf/bpf_testmod
tools/testing/selftests/bpf/map_tests
tools/testing/selftests/bpf/prog_tests
tools/testing/selftests/bpf/verifier
tools/testing/selftests/breakpoints
tools/testing/selftests/capabilities
tools/testing/selftests/cgroup
tools/testing/selftests/clone3
tools/testing/selftests/core
tools/testing/selftests/damon
tools/testing/selftests/drivers
tools/testing/selftests/efivarfs
tools/testing/selftests/exec
tools/testing/selftests/filesystems
tools/testing/selftests/filesystems/binderfs
tools/testing/selftests/filesystems/epoll
tools/testing/selftests/filesystems/incfs
tools/testing/selftests/firmware
tools/testing/selftests/fpu
tools/testing/selftests/ftrace
tools/testing/selftests/futex/functional
tools/testing/selftests/gpio
tools/testing/selftests/ia64
tools/testing/selftests/intel_pstate
tools/testing/selftests/ipc
tools/testing/selftests/ir
tools/testing/selftests/kcmp
tools/testing/selftests/kvm
tools/testing/selftests/landlock
tools/testing/selftests/lkdtm
tools/testing/selftests/media_tests
tools/testing/selftests/membarrier
tools/testing/selftests/memfd
tools/testing/selftests/mincore
tools/testing/selftests/mount
tools/testing/selftests/mount_setattr
tools/testing/selftests/move_mount_set_group
tools/testing/selftests/mqueue
tools/testing/selftests/nci
tools/testing/selftests/net
tools/testing/selftests/netfilter
tools/testing/selftests/net/forwarding
tools/testing/selftests/net/mptcp
tools/testing/selftests/nsfs
tools/testing/selftests/openat2
tools/testing/selftests/perf_events
tools/testing/selftests/pidfd
tools/testing/selftests/pid_namespace
tools/testing/selftests/powerpc/alignment
tools/testing/selftests/powerpc/benchmarks
tools/testing/selftests/powerpc/cache_shape
tools/testing/selftests/powerpc/copyloops
tools/testing/selftests/powerpc/dscr
tools/testing/selftests/powerpc/math
tools/testing/selftests/powerpc/mm
tools/testing/selftests/powerpc/nx-gzip
tools/testing/selftests/powerpc/pmu
tools/testing/selftests/powerpc/pmu/ebb
tools/testing/selftests/powerpc/primitives
tools/testing/selftests/powerpc/ptrace
tools/testing/selftests/powerpc/security
tools/testing/selftests/powerpc/signal
tools/testing/selftests/powerpc/stringloops
tools/testing/selftests/powerpc/switch_endian
tools/testing/selftests/powerpc/syscalls
tools/testing/selftests/powerpc/tm
tools/testing/selftests/powerpc/vphn
tools/testing/selftests/prctl
tools/testing/selftests/proc
tools/testing/selftests/pstore
tools/testing/selftests/ptp
tools/testing/selftests/ptrace
tools/testing/selftests/rcutorture
tools/testing/selftests/rcutorture/formal/srcu-cbmc
tools/testing/selftests/rcutorture/formal/srcu-cbmc/include/linux
tools/testing/selftests/rcutorture/formal/srcu-cbmc/tests/store_buffering
tools/testing/selftests/resctrl
tools/testing/selftests/rlimits
tools/testing/selftests/rseq
tools/testing/selftests/rtc
tools/testing/selftests/safesetid
tools/testing/selftests/sched
tools/testing/selftests/seccomp
tools/testing/selftests/sgx
tools/testing/selftests/sigaltstack
tools/testing/selftests/size
tools/testing/selftests/sparc64/drivers
tools/testing/selftests/splice
tools/testing/selftests/sync
tools/testing/selftests/syscall_user_dispatch
tools/testing/selftests/tc-testing
tools/testing/selftests/timens
tools/testing/selftests/timers
tools/testing/selftests/tmpfs
tools/testing/selftests/vDSO
tools/testing/selftests/vm
tools/testing/selftests/watchdog
tools/testing/selftests/wireguard/qemu
tools/testing/selftests/x86
tools/testing/vsock
tools/thermal/tmon
tools/tracing/latency
tools/usb
tools/usb/usbip
tools/virtio
tools/vm
usr
usr/include
